0 info it worked if it ends with ok
1 verbose cli [ '/Users/sunyuhang/.nvm/versions/node/v6.10.3/bin/node',
1 verbose cli   '/Users/sunyuhang/.nvm/versions/node/v6.10.3/bin/npm',
1 verbose cli   'run',
1 verbose cli   'push' ]
2 info using npm@3.10.10
3 info using node@v6.10.3
4 verbose run-script [ 'prepush', 'push', 'postpush' ]
5 info lifecycle pg-gad@0.0.21~prepush: pg-gad@0.0.21
6 silly lifecycle pg-gad@0.0.21~prepush: no script for prepush, continuing
7 info lifecycle pg-gad@0.0.21~push: pg-gad@0.0.21
8 verbose lifecycle pg-gad@0.0.21~push: unsafe-perm in lifecycle true
9 verbose lifecycle pg-gad@0.0.21~push: PATH: /Users/sunyuhang/.nvm/versions/node/v6.10.3/lib/node_modules/npm/bin/node-gyp-bin:/Users/sunyuhang/Documents/WorkSpace-H5/wei_yi/pg-gad-static/node_modules/.bin:/Users/sunyuhang/.nvm/versions/node/v6.10.3/bin:/usr/local/bin:/usr/bin:/bin:/usr/sbin:/sbin
10 verbose lifecycle pg-gad@0.0.21~push: CWD: /Users/sunyuhang/Documents/WorkSpace-H5/wei_yi/pg-gad-static
11 silly lifecycle pg-gad@0.0.21~push: Args: [ '-c',
11 silly lifecycle   'git push origin HEAD:refs/for/20190117_feature_modulesdk_sunyh%r=jiangjw,r=jiangyh' ]
12 silly lifecycle pg-gad@0.0.21~push: Returned: code: 1  signal: null
13 info lifecycle pg-gad@0.0.21~push: Failed to exec push script
14 verbose stack Error: pg-gad@0.0.21 push: `git push origin HEAD:refs/for/20190117_feature_modulesdk_sunyh%r=jiangjw,r=jiangyh`
14 verbose stack Exit status 1
14 verbose stack     at EventEmitter.<anonymous> (/Users/sunyuhang/.nvm/versions/node/v6.10.3/lib/node_modules/npm/lib/utils/lifecycle.js:255:16)
14 verbose stack     at emitTwo (events.js:106:13)
14 verbose stack     at EventEmitter.emit (events.js:191:7)
14 verbose stack     at ChildProcess.<anonymous> (/Users/sunyuhang/.nvm/versions/node/v6.10.3/lib/node_modules/npm/lib/utils/spawn.js:40:14)
14 verbose stack     at emitTwo (events.js:106:13)
14 verbose stack     at ChildProcess.emit (events.js:191:7)
14 verbose stack     at maybeClose (internal/child_process.js:886:16)
14 verbose stack     at Process.ChildProcess._handle.onexit (internal/child_process.js:226:5)
15 verbose pkgid pg-gad@0.0.21
16 verbose cwd /Users/sunyuhang/Documents/WorkSpace-H5/wei_yi/pg-gad-static
17 error Darwin 18.2.0
18 error argv "/Users/sunyuhang/.nvm/versions/node/v6.10.3/bin/node" "/Users/sunyuhang/.nvm/versions/node/v6.10.3/bin/npm" "run" "push"
19 error node v6.10.3
20 error npm  v3.10.10
21 error code ELIFECYCLE
22 error pg-gad@0.0.21 push: `git push origin HEAD:refs/for/20190117_feature_modulesdk_sunyh%r=jiangjw,r=jiangyh`
22 error Exit status 1
23 error Failed at the pg-gad@0.0.21 push script 'git push origin HEAD:refs/for/20190117_feature_modulesdk_sunyh%r=jiangjw,r=jiangyh'.
23 error Make sure you have the latest version of node.js and npm installed.
23 error If you do, this is most likely a problem with the pg-gad package,
23 error not with npm itself.
23 error Tell the author that this fails on your system:
23 error     git push origin HEAD:refs/for/20190117_feature_modulesdk_sunyh%r=jiangjw,r=jiangyh
23 error You can get information on how to open an issue for this project with:
23 error     npm bugs pg-gad
23 error Or if that isn't available, you can get their info via:
23 error     npm owner ls pg-gad
23 error There is likely additional logging output above.
24 verbose exit [ 1, true ]
